        -:    0:Source:/Users/s2745345/Library/R/arm64/4.4/library/Rcpp/include/Rcpp/internal/r_vector.h
        -:    0:Graph:./RcppExports.gcno
        -:    0:Data:./RcppExports.gcda
        -:    0:Runs:8
        -:    0:Programs:1
        -:    1:// -*- mode: C++; c-indent-level: 4; c-basic-offset: 4; indent-tabs-mode: nil; -*-
        -:    2:/* :tabSize=4:indentSize=4:noTabs=false:folding=explicit:collapseFolds=1: */
        -:    3://
        -:    4:// r_vector.h: Rcpp R/C++ interface class library -- information about R vectors
        -:    5://
        -:    6:// Copyright (C) 2010 - 2017  Dirk Eddelbuettel and Romain Francois
        -:    7://
        -:    8:// This file is part of Rcpp.
        -:    9://
        -:   10:// Rcpp is free software: you can redistribute it and/or modify it
        -:   11:// under the terms of the GNU General Public License as published by
        -:   12:// the Free Software Foundation, either version 2 of the License, or
        -:   13:// (at your option) any later version.
        -:   14://
        -:   15:// Rcpp is distributed in the hope that it will be useful, but
        -:   16:// WITHOUT ANY WARRANTY; without even the implied warranty of
        -:   17:// MERCHANTABILITY or FITNESS FOR A PARTICULAR PURPOSE.  See the
        -:   18:// GNU General Public License for more details.
        -:   19://
        -:   20:// You should have received a copy of the GNU General Public License
        -:   21:// along with Rcpp.  If not, see <http://www.gnu.org/licenses/>.
        -:   22:
        -:   23:#ifndef Rcpp__internal__r_vector_h
        -:   24:#define Rcpp__internal__r_vector_h
        -:   25:
        -:   26:namespace Rcpp{
        -:   27:namespace internal{
        -:   28:
        -:   29:template <int RTYPE>
        -:   30:typename Rcpp::traits::storage_type<RTYPE>::type* r_vector_start(SEXP x) {
        -:   31:    typedef typename Rcpp::traits::storage_type<RTYPE>::type* pointer;
        -:   32:    return reinterpret_cast<pointer>(dataptr(x));
        -:   33:}
        -:   34:
        -:   35:// add specializations to avoid use of dataptr
        -:   36:#define RCPP_VECTOR_START_IMPL(__RTYPE__, __ACCESSOR__)                                              \
        -:   37:    template <>                                                                                      \
        -:   38:    inline typename Rcpp::traits::storage_type<__RTYPE__>::type* r_vector_start<__RTYPE__>(SEXP x) { \
        -:   39:        return __ACCESSOR__(x);                                                                      \
        -:   40:    }
        -:   41:
        -:   42:RCPP_VECTOR_START_IMPL(LGLSXP,  LOGICAL);
    #####:   43:RCPP_VECTOR_START_IMPL(INTSXP,  INTEGER);
        -:   44:RCPP_VECTOR_START_IMPL(RAWSXP,  RAW);
        -:   45:RCPP_VECTOR_START_IMPL(CPLXSXP, COMPLEX);
      306:   46:RCPP_VECTOR_START_IMPL(REALSXP, REAL);
        -:   47:
        -:   48:#undef RCPP_VECTOR_START_IMPL
        -:   49:
        -:   50:/**
        -:   51: * The value 0 statically casted to the appropriate type for
        -:   52: * the given SEXP type
        -:   53: */
        -:   54:template <int RTYPE,typename CTYPE>				// #nocov start
        -:   55:inline CTYPE get_zero() {
        -:   56:    return static_cast<CTYPE>(0);
        -:   57:}								// #nocov end
        -:   58:
        -:   59:
        -:   60:/**
        -:   61: * Specialization for Rcomplex
        -:   62: */
        -:   63:template<>
        -:   64:inline Rcomplex get_zero<CPLXSXP,Rcomplex>(){
        -:   65:    Rcomplex x;
        -:   66:    x.r = 0.0;
        -:   67:    x.i = 0.0;
        -:   68:    return x;
        -:   69:}
        -:   70:
        -:   71:/**
        -:   72: * Initializes a vector of the given SEXP type. The template fills the
        -:   73: * vector with the value 0 of the appropriate type, for example
        -:   74: * an INTSXP vector is initialized with (int)0, etc...
        -:   75: */
        -:   76:template<int RTYPE> void r_init_vector(SEXP x) {		// #nocov start
        -:   77:    typedef typename ::Rcpp::traits::storage_type<RTYPE>::type CTYPE;
        -:   78:    CTYPE* start=r_vector_start<RTYPE>(x);
        -:   79:    std::fill(start, start + Rf_xlength(x), get_zero<RTYPE,CTYPE>());
        -:   80:}								// #nocov end
        -:   81:/**
        -:   82: * Initializes a generic vector (VECSXP). Does nothing since
        -:   83: * R already initializes all elements to NULL
        -:   84: */
        -:   85:template<>
    #####:   86:inline void r_init_vector<VECSXP>(SEXP /*x*/) {}
        -:   87:
        -:   88:/**
        -:   89: * Initializes an expression vector (EXPRSXP). Does nothing since
        -:   90: * R already initializes all elements to NULL
        -:   91: */
        -:   92:template<>
        -:   93:inline void r_init_vector<EXPRSXP>(SEXP /*x*/) {}
        -:   94:
        -:   95:/**
        -:   96: * Initializes a character vector (STRSXP). Does nothing since
        -:   97: * R already initializes all elements to ""
        -:   98: */
        -:   99:template<>
    #####:  100:inline void r_init_vector<STRSXP>(SEXP /*x*/) {}
        -:  101:
        -:  102:
        -:  103:/**
        -:  104: * We do not allow List(RTYPE=VECSXP), RawVector(RTYPE=RAWSXP)
        -:  105: * or ExpressionVector(RTYPE=EXPRSXP) to be sorted, so it is
        -:  106: * desirable to issue a compiler error if user attempts to sort
        -:  107: * these types of Vectors.
        -:  108: *
        -:  109: * We declare a template class without defining the generic
        -:  110: * class body, but complete the definition in specialization
        -:  111: * of qualified Vector types. Hence when using this class
        -:  112: * on unqualified Vectors, the compiler will emit errors.
        -:  113: */
        -:  114:template<int RTYPE>
        -:  115:class Sort_is_not_allowed_for_this_type;
        -:  116:
        -:  117:/**
        -:  118: * Specialization for CPLXSXP, INTSXP, LGLSXP, REALSXP, and STRSXP
        -:  119: */
        -:  120:template<>
        -:  121:class Sort_is_not_allowed_for_this_type<CPLXSXP> {
        -:  122:public:
        -:  123:    static void do_nothing() {}
        -:  124:};
        -:  125:
        -:  126:template<>
        -:  127:class Sort_is_not_allowed_for_this_type<INTSXP> {
        -:  128:public:
        -:  129:    static void do_nothing() {}
        -:  130:};
        -:  131:
        -:  132:template<>
        -:  133:class Sort_is_not_allowed_for_this_type<LGLSXP> {
        -:  134:public:
        -:  135:    static void do_nothing() {}
        -:  136:};
        -:  137:
        -:  138:template<>
        -:  139:class Sort_is_not_allowed_for_this_type<REALSXP> {
        -:  140:public:
        -:  141:    static void do_nothing() {}
        -:  142:};
        -:  143:
        -:  144:template<>
        -:  145:class Sort_is_not_allowed_for_this_type<STRSXP> {
        -:  146:public:
        -:  147:    static void do_nothing() {}
        -:  148:};
        -:  149:
        -:  150:
        -:  151:} // internal
        -:  152:} // Rcpp
        -:  153:
        -:  154:#endif
