        -:    0:Source:/Users/s2745345/Library/R/arm64/4.4/library/Rcpp/include/Rcpp/storage/PreserveStorage.h
        -:    0:Graph:./RcppExports.gcno
        -:    0:Data:./RcppExports.gcda
        -:    0:Runs:8
        -:    0:Programs:1
        -:    1:
        -:    2:// PreserveStorage.h: Rcpp R/C++ interface class library -- helper class
        -:    3://
        -:    4:// Copyright (C) 2013 - 2020  Romain Francois
        -:    5:// Copyright (C) 2021         Romain Francois and Iñaki Ucar
        -:    6://
        -:    7:// This file is part of Rcpp.
        -:    8://
        -:    9:// Rcpp is free software: you can redistribute it and/or modify it
        -:   10:// under the terms of the GNU General Public License as published by
        -:   11:// the Free Software Foundation, either version 2 of the License, or
        -:   12:// (at your option) any later version.
        -:   13://
        -:   14:// Rcpp is distributed in the hope that it will be useful, but
        -:   15:// WITHOUT ANY WARRANTY; without even the implied warranty of
        -:   16:// MERCHANTABILITY or FITNESS FOR A PARTICULAR PURPOSE.  See the
        -:   17:// GNU General Public License for more details.
        -:   18://
        -:   19:// You should have received a copy of the GNU General Public License
        -:   20:// along with Rcpp.  If not, see <http://www.gnu.org/licenses/>.
        -:   21:
        -:   22:#ifndef Rcpp_PreserveStorage_h
        -:   23:#define Rcpp_PreserveStorage_h
        -:   24:
        -:   25:namespace Rcpp{
        -:   26:
        -:   27:    template <typename CLASS>
        -:   28:    class PreserveStorage {
        -:   29:    public:
        -:   30:
      324:   31:        PreserveStorage() : data(R_NilValue), token(R_NilValue){}
        -:   32:
      324:   33:        ~PreserveStorage(){
      324:   34:            Rcpp_PreciousRelease(token) ;
      324:   35:            data = R_NilValue;
      324:   36:            token = R_NilValue;
      324:   37:        }
        -:   38:
      324:   39:        inline void set__(SEXP x){
      324:   40:            if (data != x) {
      324:   41:                data = x;
      324:   42:                Rcpp_PreciousRelease(token);
      324:   43:                token = Rcpp_PreciousPreserve(data);
      324:   44:            }
        -:   45:
        -:   46:            // calls the update method of CLASS
        -:   47:            // this is where to react to changes in the underlying SEXP
      324:   48:            static_cast<CLASS&>(*this).update(data) ;
      324:   49:        }
        -:   50:
      720:   51:        inline SEXP get__() const {
      720:   52:            return data ;
        -:   53:        }
        -:   54:
        -:   55:        inline SEXP invalidate__(){
        -:   56:            SEXP out = data ;
        -:   57:            Rcpp_PreciousRelease(token);
        -:   58:            data = R_NilValue ;
        -:   59:            token = R_NilValue ;
        -:   60:            return out ;
        -:   61:        }
        -:   62:
        -:   63:        template <typename T>
        -:   64:        inline T& copy__(const T& other){
        -:   65:            if( this != &other){
        -:   66:                set__(other.get__());
        -:   67:            }
        -:   68:            return static_cast<T&>(*this) ;
        -:   69:        }
        -:   70:
        -:   71:        inline bool inherits(const char* clazz) const {
        -:   72:            return ::Rf_inherits( data, clazz) ;
        -:   73:        }
        -:   74:
      342:   75:        inline operator SEXP() const { return data; }
        -:   76:
        -:   77:    private:
        -:   78:        SEXP data ;
        -:   79:        SEXP token ;
        -:   80:    } ;
        -:   81:
        -:   82:}
        -:   83:
        -:   84:#endif
