        -:    0:Source:/Users/s2745345/Library/R/arm64/4.4/library/Rcpp/include/Rcpp/internal/Proxy_Iterator.h
        -:    0:Graph:./RcppExports.gcno
        -:    0:Data:./RcppExports.gcda
        -:    0:Runs:8
        -:    0:Programs:1
        -:    1:
        -:    2:// Proxy_Iterator.h: Rcpp R/C++ interface class library --
        -:    3://
        -:    4:// Copyright (C) 2010 - 2013 Dirk Eddelbuettel and Romain Francois
        -:    5://
        -:    6:// This file is part of Rcpp.
        -:    7://
        -:    8:// Rcpp is free software: you can redistribute it and/or modify it
        -:    9:// under the terms of the GNU General Public License as published by
        -:   10:// the Free Software Foundation, either version 2 of the License, or
        -:   11:// (at your option) any later version.
        -:   12://
        -:   13:// Rcpp is distributed in the hope that it will be useful, but
        -:   14:// WITHOUT ANY WARRANTY; without even the implied warranty of
        -:   15:// MERCHANTABILITY or FITNESS FOR A PARTICULAR PURPOSE.  See the
        -:   16:// GNU General Public License for more details.
        -:   17://
        -:   18:// You should have received a copy of the GNU General Public License
        -:   19:// along with Rcpp.  If not, see <http://www.gnu.org/licenses/>.
        -:   20:
        -:   21:#ifndef Rcpp__internal__Proxy_Iterator__h
        -:   22:#define Rcpp__internal__Proxy_Iterator__h
        -:   23:
        -:   24:namespace Rcpp{
        -:   25:namespace internal{
        -:   26:
        -:   27:template <typename PROXY>
        -:   28:class Proxy_Iterator {
        -:   29:public:
        -:   30:		typedef PROXY& reference ;
        -:   31:		typedef PROXY* pointer ;
        -:   32:		typedef R_xlen_t difference_type ;
        -:   33:		typedef PROXY value_type;
        -:   34:		typedef std::random_access_iterator_tag iterator_category ;
        -:   35:
        -:   36:		Proxy_Iterator( ): proxy(){} ;
    #####:   37:		Proxy_Iterator( const Proxy_Iterator& other) : proxy( other.proxy){}
    #####:   38:		Proxy_Iterator( const PROXY& proxy_ ) : proxy( proxy_ ){} ;
        -:   39:
        -:   40:		Proxy_Iterator& operator=( const Proxy_Iterator& other ){
        -:   41:			proxy.import( other.proxy ) ;
        -:   42:			return *this ;
        -:   43:		}
        -:   44:
    #####:   45:		inline Proxy_Iterator& operator++(){
    #####:   46:			proxy.move(1) ;
    #####:   47:			return *this ;
        -:   48:		}
        -:   49:		inline Proxy_Iterator operator++(int){
        -:   50:			Proxy_Iterator orig(*this) ;
        -:   51:			++(*this) ;
        -:   52:			return orig ;
        -:   53:		}
        -:   54:
        -:   55:		inline Proxy_Iterator& operator--(){
        -:   56:			proxy.move(-1) ;
        -:   57:			return *this ;
        -:   58:		}
        -:   59:		inline Proxy_Iterator operator--(int){
        -:   60:			Proxy_Iterator orig(*this) ;
        -:   61:			--(*this) ;
        -:   62:			return orig ;
        -:   63:		}
        -:   64:
        -:   65:		inline Proxy_Iterator operator+(difference_type n) const {
        -:   66:			return Proxy_Iterator( PROXY(*proxy.parent, proxy.index + n) ) ;
        -:   67:		}
        -:   68:		inline Proxy_Iterator operator-(difference_type n) const {
        -:   69:			return Proxy_Iterator( PROXY(*proxy.parent, proxy.index - n) ) ;
        -:   70:		}
        -:   71:
        -:   72:		inline Proxy_Iterator& operator+=(difference_type n) {
        -:   73:			proxy.move( n ) ;
        -:   74:			return *this ;
        -:   75:		}
        -:   76:		inline Proxy_Iterator& operator-=(difference_type n) {
        -:   77:			proxy.move( -n ) ;
        -:   78:			return *this ;
        -:   79:		}
        -:   80:
    #####:   81:		inline reference operator*() {
    #####:   82:		    return proxy ;
        -:   83:		}
        -:   84:		inline pointer operator->(){
        -:   85:			return &proxy ;
        -:   86:		}
        -:   87:
        -:   88:		inline bool operator==( const Proxy_Iterator& y) const {
        -:   89:			return ( this->proxy.index == y.proxy.index ) && ( this->proxy.parent == y.proxy.parent );
        -:   90:		}
        -:   91:		inline bool operator!=( const Proxy_Iterator& y) const {
        -:   92:			return ( this->proxy.index != y.proxy.index ) || ( this->proxy.parent != y.proxy.parent );
        -:   93:		}
        -:   94:		inline bool operator<( const Proxy_Iterator& other ) const {
        -:   95:			return proxy.index < other.proxy.index ;
        -:   96:		}
        -:   97:		inline bool operator>( const Proxy_Iterator& other ) const {
        -:   98:			return proxy.index > other.proxy.index ;
        -:   99:		}
        -:  100:		inline bool operator<=( const Proxy_Iterator& other ) const {
        -:  101:			return proxy.index <= other.proxy.index ;
        -:  102:		}
        -:  103:		inline bool operator>=( const Proxy_Iterator& other ) const {
        -:  104:			return proxy.index >= other.proxy.index ;
        -:  105:		}
        -:  106:
        -:  107:		inline difference_type operator-(const Proxy_Iterator& other) const {
        -:  108:			return proxy.index - other.proxy.index ;
        -:  109:		}
        -:  110:
        -:  111:		inline int index() const { return proxy.index ; }
        -:  112:
        -:  113:		inline PROXY operator[](R_xlen_t i) const { return PROXY(*proxy.parent, proxy.index + i) ; }
        -:  114:
        -:  115:private:
        -:  116:	PROXY proxy ;
        -:  117:} ;
        -:  118:
        -:  119:}
        -:  120:}
        -:  121:
        -:  122:#endif
