        -:    0:Source:RcppExports.cpp
        -:    0:Graph:./RcppExports.gcno
        -:    0:Data:./RcppExports.gcda
        -:    0:Runs:8
        -:    0:Programs:1
        -:    1:// Generated by using Rcpp::compileAttributes() -> do not edit by hand
        -:    2:// Generator token: 10BE3573-1514-4C36-9D1C-5A225CD40393
        -:    3:
        -:    4:#include <Rcpp.h>
        -:    5:
        -:    6:using namespace Rcpp;
        -:    7:
        -:    8:#ifdef RCPP_USE_GLOBAL_ROSTREAM
        -:    9:Rcpp::Rostream<true>&  Rcpp::Rcout = Rcpp::Rcpp_cout_get();
        -:   10:Rcpp::Rostream<false>& Rcpp::Rcerr = Rcpp::Rcpp_cerr_get();
        -:   11:#endif
        -:   12:
        -:   13:// inbreeding_meta
        -:   14:NumericVector inbreeding_meta(NumericMatrix ped, NumericMatrix gamma);
       18:   15:RcppExport SEXP _pedigreeTools_inbreeding_meta(SEXP pedSEXP, SEXP gammaSEXP) {
       18:   16:BEGIN_RCPP
       18:   17:    Rcpp::RObject rcpp_result_gen;
       18:   18:    Rcpp::RNGScope rcpp_rngScope_gen;
       18:   19:    Rcpp::traits::input_parameter< NumericMatrix >::type ped(pedSEXP);
       18:   20:    Rcpp::traits::input_parameter< NumericMatrix >::type gamma(gammaSEXP);
       18:   21:    rcpp_result_gen = Rcpp::wrap(inbreeding_meta(ped, gamma));
       18:   22:    return rcpp_result_gen;
       18:   23:END_RCPP
       18:   24:}
